{
  "stats": {
    "suites": 0,
    "tests": 1,
    "passes": 1,
    "pending": 0,
    "failures": 0,
    "start": "2022-09-22T03:14:11.878Z",
    "end": "2022-09-22T03:14:14.355Z",
    "duration": 2477,
    "testsRegistered": 1,
    "passPercent": 100,
    "pendingPercent": 0,
    "other": 0,
    "hasOther": false,
    "skipped": 0,
    "hasSkipped": false
  },
  "results": [
    {
      "uuid": "9f76e2f5-dc72-41e3-96fb-5a4586399099",
      "title": "",
      "fullFile": "cypress/integration/Login.cy.js",
      "file": "cypress/integration/Login.cy.js",
      "beforeHooks": [],
      "afterHooks": [],
      "tests": [
        {
          "title": "My first Test",
          "fullTitle": "My first Test",
          "timedOut": null,
          "duration": 773,
          "state": "passed",
          "speed": "fast",
          "pass": true,
          "fail": false,
          "pending": false,
          "context": null,
          "code": "cy.log(\"Login 1st Test starts\");\ncy.visit(\"https://trytestingthis.netlify.app/\");\ncy.get(\"#uname\").type(\"test\");\ncy.get(\"#pwd\").type(\"test\");\ncy.get('[type=\"submit\"]').click();\ncy.log(\"Login 1st Test ends\");",
          "err": {},
          "uuid": "e0e3bf69-efbd-4340-bf7b-b5157a6c535e",
          "parentUUID": "9f76e2f5-dc72-41e3-96fb-5a4586399099",
          "isHook": false,
          "skipped": false
        }
      ],
      "suites": [],
      "passes": [
        "e0e3bf69-efbd-4340-bf7b-b5157a6c535e"
      ],
      "failures": [],
      "pending": [],
      "skipped": [],
      "duration": 773,
      "root": true,
      "rootEmpty": false,
      "_timeout": 2000
    }
  ],
  "meta": {
    "mocha": {
      "version": "7.0.1"
    },
    "mochawesome": {
      "options": {
        "quiet": false,
        "reportFilename": "mochawesome",
        "saveHtml": false,
        "saveJson": true,
        "consoleReporter": "spec",
        "useInlineDiffs": false,
        "code": true
      },
      "version": "7.1.3"
    },
    "marge": {
      "options": {
        "charts": true,
        "overwrite": false,
        "html": false,
        "json": true,
        "reportDir": "cypress/reports"
      },
      "version": "6.2.0"
    }
  }
}