{
  "stats": {
    "suites": 0,
    "tests": 2,
    "passes": 1,
    "pending": 0,
    "failures": 1,
    "start": "2022-09-22T03:13:52.815Z",
    "end": "2022-09-22T03:14:07.504Z",
    "duration": 14689,
    "testsRegistered": 2,
    "passPercent": 50,
    "pendingPercent": 0,
    "other": 0,
    "hasOther": false,
    "skipped": 0,
    "hasSkipped": false
  },
  "results": [
    {
      "uuid": "56e643cb-493b-4256-8239-2bcffd52130a",
      "title": "",
      "fullFile": "cypress/integration/GoogleSearc.cy.js",
      "file": "cypress/integration/GoogleSearc.cy.js",
      "beforeHooks": [],
      "afterHooks": [],
      "tests": [
        {
          "title": "Google search 1st Test",
          "fullTitle": "Google search 1st Test",
          "timedOut": null,
          "duration": 6844,
          "state": "passed",
          "speed": "medium",
          "pass": true,
          "fail": false,
          "pending": false,
          "context": null,
          "code": "cy.log(\"Google 1st Test starts\");\ncy.visit(\"https://google.com\");\ncy.get(\".gLFyf\").type(\"cypress{enter}\");\ncy.log(\"Google1st Test ends\");",
          "err": {},
          "uuid": "326fb870-7517-4ded-80c8-523b638dddc0",
          "parentUUID": "56e643cb-493b-4256-8239-2bcffd52130a",
          "isHook": false,
          "skipped": false
        },
        {
          "title": "Google search 2nd Test",
          "fullTitle": "Google search 2nd Test",
          "timedOut": null,
          "duration": 5696,
          "state": "failed",
          "speed": null,
          "pass": false,
          "fail": true,
          "pending": false,
          "context": null,
          "code": "cy.log(\"Google 2nd Test starts\");\ncy.visit(\"https://google.com\");\ncy.get(\".gLFy\").type(\"cypress{enter}\");\ncy.log(\"Google 2nd Test ends\");",
          "err": {
            "message": "AssertionError: Timed out retrying after 4000ms: Expected to find element: `.gLFy`, but never found it.",
            "estack": "AssertionError: Timed out retrying after 4000ms: Expected to find element: `.gLFy`, but never found it.\n    at Context.eval (https://www.google.com/__cypress/tests?p=cypress\\integration\\GoogleSearc.cy.js:108:6)",
            "diff": null
          },
          "uuid": "5c43690d-d5e9-4462-bc92-a34685d0ccec",
          "parentUUID": "56e643cb-493b-4256-8239-2bcffd52130a",
          "isHook": false,
          "skipped": false
        }
      ],
      "suites": [],
      "passes": [
        "326fb870-7517-4ded-80c8-523b638dddc0"
      ],
      "failures": [
        "5c43690d-d5e9-4462-bc92-a34685d0ccec"
      ],
      "pending": [],
      "skipped": [],
      "duration": 12540,
      "root": true,
      "rootEmpty": false,
      "_timeout": 2000
    }
  ],
  "meta": {
    "mocha": {
      "version": "7.0.1"
    },
    "mochawesome": {
      "options": {
        "quiet": false,
        "reportFilename": "mochawesome",
        "saveHtml": false,
        "saveJson": true,
        "consoleReporter": "spec",
        "useInlineDiffs": false,
        "code": true
      },
      "version": "7.1.3"
    },
    "marge": {
      "options": {
        "charts": true,
        "overwrite": false,
        "html": false,
        "json": true,
        "reportDir": "cypress/reports"
      },
      "version": "6.2.0"
    }
  }
}